[debug] [2021-04-11T02:36:49.668Z] ----------------------------------------------------------------------
[debug] [2021-04-11T02:36:49.673Z] Command:       C:\Program Files\nodejs\node.exe C:\Users\Windows\AppData\Roaming\npm\node_modules\firebase-tools\lib\bin\firebase.js deploy
[debug] [2021-04-11T02:36:49.673Z] CLI Version:   8.19.0
[debug] [2021-04-11T02:36:49.673Z] Platform:      win32
[debug] [2021-04-11T02:36:49.673Z] Node Version:  v12.19.0
[debug] [2021-04-11T02:36:49.675Z] Time:          Sat Apr 10 2021 23:36:49 GMT-0300 (GMT-03:00)
[debug] [2021-04-11T02:36:49.675Z] ----------------------------------------------------------------------
[debug] [2021-04-11T02:36:49.675Z] 
[debug] [2021-04-11T02:36:49.688Z] > command requires scopes: ["email","openid","https://www.googleapis.com/auth/cloudplatformprojects.readonly","https://www.googleapis.com/auth/firebase","https://www.googleapis.com/auth/cloud-platform"]
[debug] [2021-04-11T02:36:49.689Z] > authorizing via signed-in user
[debug] [2021-04-11T02:36:49.689Z] [iam] checking project pensu-promental for permissions ["firebase.projects.get","firebasehosting.sites.update"]
[debug] [2021-04-11T02:36:49.694Z] >>> HTTP REQUEST POST https://cloudresourcemanager.googleapis.com/v1/projects/pensu-promental:testIamPermissions  
 {"permissions":["firebase.projects.get","firebasehosting.sites.update"]}
[debug] [2021-04-11T02:36:50.616Z] <<< HTTP RESPONSE 200 {"content-type":"application/json; charset=UTF-8","vary":"X-Origin, Referer, Origin,Accept-Encoding","date":"Sun, 11 Apr 2021 02:36:50 GMT","server":"ESF","cache-control":"private","x-xss-protection":"0","x-frame-options":"SAMEORIGIN","x-content-type-options":"nosniff","server-timing":"gfet4t7; dur=775","alt-svc":"h3-29=\":443\"; ma=2592000,h3-T051=\":443\"; ma=2592000,h3-Q050=\":443\"; ma=2592000,h3-Q046=\":443\"; ma=2592000,h3-Q043=\":443\"; ma=2592000,quic=\":443\"; ma=2592000; v=\"46,43\"","accept-ranges":"none","transfer-encoding":"chunked"}
[debug] [2021-04-11T02:36:50.625Z] >>> HTTP REQUEST GET https://firebase.googleapis.com/v1beta1/projects/pensu-promental  
 
[debug] [2021-04-11T02:36:51.620Z] <<< HTTP RESPONSE 200 {"content-type":"application/json; charset=UTF-8","vary":"X-Origin, Referer, Origin,Accept-Encoding","date":"Sun, 11 Apr 2021 02:36:51 GMT","server":"ESF","cache-control":"private","x-xss-protection":"0","x-frame-options":"SAMEORIGIN","x-content-type-options":"nosniff","alt-svc":"h3-29=\":443\"; ma=2592000,h3-T051=\":443\"; ma=2592000,h3-Q050=\":443\"; ma=2592000,h3-Q046=\":443\"; ma=2592000,h3-Q043=\":443\"; ma=2592000,quic=\":443\"; ma=2592000; v=\"46,43\"","accept-ranges":"none","transfer-encoding":"chunked"}
[info] 
[info] === Deploying to 'pensu-promental'...
[info] 
[info] i  deploying hosting 
[debug] [2021-04-11T02:36:51.628Z] >>> HTTP REQUEST POST https://firebasehosting.googleapis.com/v1beta1/sites/pensu-promental/versions  
 {"config":{"rewrites":[{"glob":"**","path":"/index.html"}]},"labels":{"deployment-tool":"cli-firebase"}}
[debug] [2021-04-11T02:36:52.987Z] <<< HTTP RESPONSE 200 {"content-type":"application/json; charset=UTF-8","vary":"X-Origin, Referer, Origin,Accept-Encoding","date":"Sun, 11 Apr 2021 02:36:53 GMT","server":"ESF","cache-control":"private","x-xss-protection":"0","x-frame-options":"SAMEORIGIN","x-content-type-options":"nosniff","alt-svc":"h3-29=\":443\"; ma=2592000,h3-T051=\":443\"; ma=2592000,h3-Q050=\":443\"; ma=2592000,h3-Q046=\":443\"; ma=2592000,h3-Q043=\":443\"; ma=2592000,quic=\":443\"; ma=2592000; v=\"46,43\"","accept-ranges":"none","transfer-encoding":"chunked"}
[info] i  hosting[pensu-promental]: beginning deploy... 
[info] i  hosting[pensu-promental]: found 41 files in dist 
[debug] [2021-04-11T02:36:53.049Z] > refreshing access token with scopes: []
[debug] [2021-04-11T02:36:53.049Z] >>> HTTP REQUEST POST https://www.googleapis.com/oauth2/v3/token  
 <request body omitted>
[debug] [2021-04-11T02:36:53.049Z] [hosting] hash cache [ZGlzdA] stored for 41 files
[debug] [2021-04-11T02:36:53.049Z] [hosting][hash queue][FINAL] {"max":0,"min":0,"avg":0,"active":0,"complete":41,"success":41,"errored":0,"retried":0,"total":41,"elapsed":15}
[debug] [2021-04-11T02:36:53.203Z] <<< HTTP RESPONSE 200 {"date":"Sun, 11 Apr 2021 02:36:53 GMT","cache-control":"no-cache, no-store, max-age=0, must-revalidate","expires":"Mon, 01 Jan 1990 00:00:00 GMT","pragma":"no-cache","content-type":"application/json; charset=utf-8","vary":"X-Origin, Referer, Origin,Accept-Encoding","server":"scaffolding on HTTPServer2","x-xss-protection":"0","x-frame-options":"SAMEORIGIN","x-content-type-options":"nosniff","alt-svc":"h3-29=\":443\"; ma=2592000,h3-T051=\":443\"; ma=2592000,h3-Q050=\":443\"; ma=2592000,h3-Q046=\":443\"; ma=2592000,h3-Q043=\":443\"; ma=2592000,quic=\":443\"; ma=2592000; v=\"46,43\"","accept-ranges":"none","transfer-encoding":"chunked"}
[debug] [2021-04-11T02:36:53.260Z] >>> [apiv2][query] POST https://firebasehosting.googleapis.com/v1beta1/sites/pensu-promental/versions/544e641a4c0ef637:populateFiles [none]
[debug] [2021-04-11T02:36:53.260Z] >>> [apiv2][body] POST https://firebasehosting.googleapis.com/v1beta1/sites/pensu-promental/versions/544e641a4c0ef637:populateFiles {"files":{"/favicon.ico":"7e52835e5e26f87dbb032eba64c0590a59ce1fc9b435fce372b106bf6f44186b","/index.html":"36d585da4b3a109975dd1cfe9208879e01e209e90558ca35496400c9e68ff638","/manifest.json":"9a93ad92c353d52d1bdefc6e69f5c0d7077bf37a8169b65cc12ccbbc29972911","/precache-manifest.3a4f464a2b61218ffe6b50a4bb5cbbbc.js":"6fbade43421ab0ab0c3cf665dfca98bb1a95db1a9269e8ee86d3caf117249677","/robots.txt":"8c8992414cc7101f8c9952a566181d667e7343481f8e7b05c55103b1bfa0d899","/service-worker.js":"02c0e332b9420ea1ca67046df9e158118d981d665cf61309c50defacb2f7b541","/css/app.73ad0fc0.css":"6efc30ae0faccf40a96831ea810eaf812ab89b23be9abe8f6b1b5b8e0ff5d335","/css/chunk-vendors.c56f4842.css":"dd1ec9182871fc6191203e29e4d89a1b172cb07472100cfe7ad11c3f68caceb1","/css/formScreenData.5d6f5fd5.css":"97ead64573eca446983ccd9b0778bb49b8ab98ad4e26b8f741b89f3c4bfc0cb9","/css/formScreenData~quizScreen.cb331577.css":"87d07342cadc8234ff54516185f331170560ec8704d415355c620eace8e3c1af","/css/quizScreen.34ecb561.css":"a128a3b295cf66eb62608cf82d05c76bf6e0136efd0a803b93c13e6ea5b9b885","/img/avatar-men.5f03d60c.png":"4085e15efbb3b02efc83f5a11a5e006e55a526520fdfa0fabd1fa63a787b5a13","/img/avatar-women.9123286a.png":"f03c1647031f240d3af2bbf1f47db78aa8138d455a3a9a61ca8e1e9ea61b6fa7","/img/avatar-women2.2ef95940.png":"d18a9c0cad2dd4b42430eb0a2ca91c5e0aeb2e4433476fed1d5095616db726f5","/img/head.7e063aab.svg":"9c0b01553327b1cd01ea2f6dfb950479b0968f6a0e2ba565f326733d51732709","/img/head.fd854956.png":"b4b759d9a05a17bb881804eca21e408823c73756be668230d396d83dbff3a91a","/img/headicon.898f0edf.svg":"a13f5489a8290c719a02a9cc58b9df3edb7b68719d511e1c2119a4f67cc7e4d7","/img/icons/android-chrome-192x192.png":"c1a540837d2dabb9231b4efe9169648274f80642f2969e61a71c04baa51434ec","/img/icons/android-chrome-512x512.png":"1d9e54d89d0c4515d42bcc9eb0905909de04c6aef2b459149fdbba098ccff6c9","/img/icons/android-chrome-maskable-192x192.png":"c1a540837d2dabb9231b4efe9169648274f80642f2969e61a71c04baa51434ec","/img/icons/android-chrome-maskable-512x512.png":"d03a1294ba7823331fe2cc29332c296d5aba8c3c0506a835ce56a03a27354b13","/img/icons/apple-touch-icon-120x120.png":"5036501635a61da63f641dd0736b95fb01bb149f563602711cf7102f5d7d3556","/img/icons/apple-touch-icon-152x152.png":"321b703b2fd31e31b79e2f3c228be25c1fcc75af2efed14e6f62274354089852","/img/icons/apple-touch-icon-180x180.png":"2dd86fe311b91f9003090a5d64195b7cc3f893165ece41873f4ea099c3da6523","/img/icons/apple-touch-icon-60x60.png":"ab86ca3aae3f1158e49c48aabbd5fd8b6c65553afcb6fff5de44575d7e966b91","/img/icons/apple-touch-icon-76x76.png":"16215474933276cdd62510c05dd0ea0b7444900765db8c313a9e17235096831e","/img/icons/apple-touch-icon.png":"2dd86fe311b91f9003090a5d64195b7cc3f893165ece41873f4ea099c3da6523","/img/icons/favicon-16x16.png":"f6fac4e1d62bd6c0c1885f27db1bb706b1df64db9ded32fecb4a98e6865e417b","/img/icons/favicon-32x32.png":"30fe0beaa0c1f1c7c8721362a17291ea445468c3a04a16f227b23f24b2381502","/img/icons/msapplication-icon-144x144.png":"bf1e54c63a8ed88764b232b047e037dd2a83f0dac87d04f86165058f34e0dcb7","/img/icons/mstile-150x150.png":"a5c3c881f5a3cae3ffbf884759e2adc2daa6d65f67b55094118f6cedbacdf24f","/js/app.767496be.js":"fcf870fb797fb5c2a35bc40d150a4648e841ff1e8f51a75529243e0e236b3e2a","/js/app.767496be.js.map":"b7a640dc0599c0fd64053d19b3ea3a312b180533e45892cc84a70a4ee2f58aaa","/js/chunk-vendors.18a63f41.js":"e2bf2ad52d495f2d7d7994a13076ffe9eb2cfbf2c5e3b4c6de209dea01b0fe3b","/js/chunk-vendors.18a63f41.js.map":"59b8df78effee510c98eff57414fcf25ad1544a23d3f443c0f86b2e06313dc56","/js/formScreenData.13c74a4b.js":"bfe6e03a11ee5ec25b10abdb1589a5ce2a03cd351d92b1d22b9d205c6be28cb7","/js/formScreenData.13c74a4b.js.map":"1c83e0e01092e56973eec0e88bd84683bdae66e1a486f997cb6a0d697f3d8fc4","/js/formScreenData~quizScreen.099e340c.js":"0cea5ad58d87b4325d343b4591421839c4d722d6203d03d56fc24e5e6b4fd8af","/js/formScreenData~quizScreen.099e340c.js.map":"489703bc435f76a5de58aa5054eed8351820eea9616e461c249687d5951758f3","/js/quizScreen.082e36ec.js":"f67ddb12f2c8dcaef6abbc226326e32d8820916aabe949435d3d03e03ce71c38","/js/quizScreen.082e36ec.js.map":"d376dbd46e37f42f0384ef986550421a3f0ae870e3e113860519c0ffabda9d82"}}
[debug] [2021-04-11T02:36:54.382Z] <<< [apiv2][status] POST https://firebasehosting.googleapis.com/v1beta1/sites/pensu-promental/versions/544e641a4c0ef637:populateFiles 200
[debug] [2021-04-11T02:36:54.383Z] <<< [apiv2][body] POST https://firebasehosting.googleapis.com/v1beta1/sites/pensu-promental/versions/544e641a4c0ef637:populateFiles {"uploadRequiredHashes":["489703bc435f76a5de58aa5054eed8351820eea9616e461c249687d5951758f3","fcf870fb797fb5c2a35bc40d150a4648e841ff1e8f51a75529243e0e236b3e2a","dd1ec9182871fc6191203e29e4d89a1b172cb07472100cfe7ad11c3f68caceb1","0cea5ad58d87b4325d343b4591421839c4d722d6203d03d56fc24e5e6b4fd8af","bfe6e03a11ee5ec25b10abdb1589a5ce2a03cd351d92b1d22b9d205c6be28cb7","f67ddb12f2c8dcaef6abbc226326e32d8820916aabe949435d3d03e03ce71c38","1c83e0e01092e56973eec0e88bd84683bdae66e1a486f997cb6a0d697f3d8fc4","6efc30ae0faccf40a96831ea810eaf812ab89b23be9abe8f6b1b5b8e0ff5d335","02c0e332b9420ea1ca67046df9e158118d981d665cf61309c50defacb2f7b541","a128a3b295cf66eb62608cf82d05c76bf6e0136efd0a803b93c13e6ea5b9b885","87d07342cadc8234ff54516185f331170560ec8704d415355c620eace8e3c1af","97ead64573eca446983ccd9b0778bb49b8ab98ad4e26b8f741b89f3c4bfc0cb9","6fbade43421ab0ab0c3cf665dfca98bb1a95db1a9269e8ee86d3caf117249677","e2bf2ad52d495f2d7d7994a13076ffe9eb2cfbf2c5e3b4c6de209dea01b0fe3b","59b8df78effee510c98eff57414fcf25ad1544a23d3f443c0f86b2e06313dc56","b7a640dc0599c0fd64053d19b3ea3a312b180533e45892cc84a70a4ee2f58aaa","36d585da4b3a109975dd1cfe9208879e01e209e90558ca35496400c9e68ff638","d376dbd46e37f42f0384ef986550421a3f0ae870e3e113860519c0ffabda9d82"],"uploadUrl":"https://upload-firebasehosting.googleapis.com/upload/sites/pensu-promental/versions/544e641a4c0ef637/files"}
[debug] [2021-04-11T02:36:54.395Z] >>> [apiv2][query] POST https://upload-firebasehosting.googleapis.com/upload/sites/pensu-promental/versions/544e641a4c0ef637/files/489703bc435f76a5de58aa5054eed8351820eea9616e461c249687d5951758f3 [none]
[debug] [2021-04-11T02:36:54.395Z] >>> [apiv2][body] POST https://upload-firebasehosting.googleapis.com/upload/sites/pensu-promental/versions/544e641a4c0ef637/files/489703bc435f76a5de58aa5054eed8351820eea9616e461c249687d5951758f3 [stream]
[debug] [2021-04-11T02:36:54.399Z] >>> [apiv2][query] POST https://upload-firebasehosting.googleapis.com/upload/sites/pensu-promental/versions/544e641a4c0ef637/files/fcf870fb797fb5c2a35bc40d150a4648e841ff1e8f51a75529243e0e236b3e2a [none]
[debug] [2021-04-11T02:36:54.399Z] >>> [apiv2][body] POST https://upload-firebasehosting.googleapis.com/upload/sites/pensu-promental/versions/544e641a4c0ef637/files/fcf870fb797fb5c2a35bc40d150a4648e841ff1e8f51a75529243e0e236b3e2a [stream]
[debug] [2021-04-11T02:36:54.402Z] >>> [apiv2][query] POST https://upload-firebasehosting.googleapis.com/upload/sites/pensu-promental/versions/544e641a4c0ef637/files/dd1ec9182871fc6191203e29e4d89a1b172cb07472100cfe7ad11c3f68caceb1 [none]
[debug] [2021-04-11T02:36:54.403Z] >>> [apiv2][body] POST https://upload-firebasehosting.googleapis.com/upload/sites/pensu-promental/versions/544e641a4c0ef637/files/dd1ec9182871fc6191203e29e4d89a1b172cb07472100cfe7ad11c3f68caceb1 [stream]
[debug] [2021-04-11T02:36:54.405Z] >>> [apiv2][query] POST https://upload-firebasehosting.googleapis.com/upload/sites/pensu-promental/versions/544e641a4c0ef637/files/0cea5ad58d87b4325d343b4591421839c4d722d6203d03d56fc24e5e6b4fd8af [none]
[debug] [2021-04-11T02:36:54.405Z] >>> [apiv2][body] POST https://upload-firebasehosting.googleapis.com/upload/sites/pensu-promental/versions/544e641a4c0ef637/files/0cea5ad58d87b4325d343b4591421839c4d722d6203d03d56fc24e5e6b4fd8af [stream]
[debug] [2021-04-11T02:36:54.407Z] >>> [apiv2][query] POST https://upload-firebasehosting.googleapis.com/upload/sites/pensu-promental/versions/544e641a4c0ef637/files/bfe6e03a11ee5ec25b10abdb1589a5ce2a03cd351d92b1d22b9d205c6be28cb7 [none]
[debug] [2021-04-11T02:36:54.407Z] >>> [apiv2][body] POST https://upload-firebasehosting.googleapis.com/upload/sites/pensu-promental/versions/544e641a4c0ef637/files/bfe6e03a11ee5ec25b10abdb1589a5ce2a03cd351d92b1d22b9d205c6be28cb7 [stream]
[debug] [2021-04-11T02:36:54.408Z] >>> [apiv2][query] POST https://upload-firebasehosting.googleapis.com/upload/sites/pensu-promental/versions/544e641a4c0ef637/files/f67ddb12f2c8dcaef6abbc226326e32d8820916aabe949435d3d03e03ce71c38 [none]
[debug] [2021-04-11T02:36:54.409Z] >>> [apiv2][body] POST https://upload-firebasehosting.googleapis.com/upload/sites/pensu-promental/versions/544e641a4c0ef637/files/f67ddb12f2c8dcaef6abbc226326e32d8820916aabe949435d3d03e03ce71c38 [stream]
[debug] [2021-04-11T02:36:54.410Z] >>> [apiv2][query] POST https://upload-firebasehosting.googleapis.com/upload/sites/pensu-promental/versions/544e641a4c0ef637/files/1c83e0e01092e56973eec0e88bd84683bdae66e1a486f997cb6a0d697f3d8fc4 [none]
[debug] [2021-04-11T02:36:54.410Z] >>> [apiv2][body] POST https://upload-firebasehosting.googleapis.com/upload/sites/pensu-promental/versions/544e641a4c0ef637/files/1c83e0e01092e56973eec0e88bd84683bdae66e1a486f997cb6a0d697f3d8fc4 [stream]
[debug] [2021-04-11T02:36:54.410Z] >>> [apiv2][query] POST https://upload-firebasehosting.googleapis.com/upload/sites/pensu-promental/versions/544e641a4c0ef637/files/6efc30ae0faccf40a96831ea810eaf812ab89b23be9abe8f6b1b5b8e0ff5d335 [none]
[debug] [2021-04-11T02:36:54.410Z] >>> [apiv2][body] POST https://upload-firebasehosting.googleapis.com/upload/sites/pensu-promental/versions/544e641a4c0ef637/files/6efc30ae0faccf40a96831ea810eaf812ab89b23be9abe8f6b1b5b8e0ff5d335 [stream]
[debug] [2021-04-11T02:36:54.411Z] >>> [apiv2][query] POST https://upload-firebasehosting.googleapis.com/upload/sites/pensu-promental/versions/544e641a4c0ef637/files/02c0e332b9420ea1ca67046df9e158118d981d665cf61309c50defacb2f7b541 [none]
[debug] [2021-04-11T02:36:54.411Z] >>> [apiv2][body] POST https://upload-firebasehosting.googleapis.com/upload/sites/pensu-promental/versions/544e641a4c0ef637/files/02c0e332b9420ea1ca67046df9e158118d981d665cf61309c50defacb2f7b541 [stream]
[debug] [2021-04-11T02:36:54.413Z] >>> [apiv2][query] POST https://upload-firebasehosting.googleapis.com/upload/sites/pensu-promental/versions/544e641a4c0ef637/files/a128a3b295cf66eb62608cf82d05c76bf6e0136efd0a803b93c13e6ea5b9b885 [none]
[debug] [2021-04-11T02:36:54.413Z] >>> [apiv2][body] POST https://upload-firebasehosting.googleapis.com/upload/sites/pensu-promental/versions/544e641a4c0ef637/files/a128a3b295cf66eb62608cf82d05c76bf6e0136efd0a803b93c13e6ea5b9b885 [stream]
[debug] [2021-04-11T02:36:54.414Z] >>> [apiv2][query] POST https://upload-firebasehosting.googleapis.com/upload/sites/pensu-promental/versions/544e641a4c0ef637/files/87d07342cadc8234ff54516185f331170560ec8704d415355c620eace8e3c1af [none]
[debug] [2021-04-11T02:36:54.414Z] >>> [apiv2][body] POST https://upload-firebasehosting.googleapis.com/upload/sites/pensu-promental/versions/544e641a4c0ef637/files/87d07342cadc8234ff54516185f331170560ec8704d415355c620eace8e3c1af [stream]
[debug] [2021-04-11T02:36:54.415Z] >>> [apiv2][query] POST https://upload-firebasehosting.googleapis.com/upload/sites/pensu-promental/versions/544e641a4c0ef637/files/97ead64573eca446983ccd9b0778bb49b8ab98ad4e26b8f741b89f3c4bfc0cb9 [none]
[debug] [2021-04-11T02:36:54.415Z] >>> [apiv2][body] POST https://upload-firebasehosting.googleapis.com/upload/sites/pensu-promental/versions/544e641a4c0ef637/files/97ead64573eca446983ccd9b0778bb49b8ab98ad4e26b8f741b89f3c4bfc0cb9 [stream]
[debug] [2021-04-11T02:36:54.422Z] >>> [apiv2][query] POST https://upload-firebasehosting.googleapis.com/upload/sites/pensu-promental/versions/544e641a4c0ef637/files/6fbade43421ab0ab0c3cf665dfca98bb1a95db1a9269e8ee86d3caf117249677 [none]
[debug] [2021-04-11T02:36:54.422Z] >>> [apiv2][body] POST https://upload-firebasehosting.googleapis.com/upload/sites/pensu-promental/versions/544e641a4c0ef637/files/6fbade43421ab0ab0c3cf665dfca98bb1a95db1a9269e8ee86d3caf117249677 [stream]
[debug] [2021-04-11T02:36:54.424Z] >>> [apiv2][query] POST https://upload-firebasehosting.googleapis.com/upload/sites/pensu-promental/versions/544e641a4c0ef637/files/e2bf2ad52d495f2d7d7994a13076ffe9eb2cfbf2c5e3b4c6de209dea01b0fe3b [none]
[debug] [2021-04-11T02:36:54.424Z] >>> [apiv2][body] POST https://upload-firebasehosting.googleapis.com/upload/sites/pensu-promental/versions/544e641a4c0ef637/files/e2bf2ad52d495f2d7d7994a13076ffe9eb2cfbf2c5e3b4c6de209dea01b0fe3b [stream]
[debug] [2021-04-11T02:36:54.426Z] >>> [apiv2][query] POST https://upload-firebasehosting.googleapis.com/upload/sites/pensu-promental/versions/544e641a4c0ef637/files/59b8df78effee510c98eff57414fcf25ad1544a23d3f443c0f86b2e06313dc56 [none]
[debug] [2021-04-11T02:36:54.426Z] >>> [apiv2][body] POST https://upload-firebasehosting.googleapis.com/upload/sites/pensu-promental/versions/544e641a4c0ef637/files/59b8df78effee510c98eff57414fcf25ad1544a23d3f443c0f86b2e06313dc56 [stream]
[debug] [2021-04-11T02:36:54.427Z] >>> [apiv2][query] POST https://upload-firebasehosting.googleapis.com/upload/sites/pensu-promental/versions/544e641a4c0ef637/files/b7a640dc0599c0fd64053d19b3ea3a312b180533e45892cc84a70a4ee2f58aaa [none]
[debug] [2021-04-11T02:36:54.427Z] >>> [apiv2][body] POST https://upload-firebasehosting.googleapis.com/upload/sites/pensu-promental/versions/544e641a4c0ef637/files/b7a640dc0599c0fd64053d19b3ea3a312b180533e45892cc84a70a4ee2f58aaa [stream]
[debug] [2021-04-11T02:36:54.428Z] >>> [apiv2][query] POST https://upload-firebasehosting.googleapis.com/upload/sites/pensu-promental/versions/544e641a4c0ef637/files/36d585da4b3a109975dd1cfe9208879e01e209e90558ca35496400c9e68ff638 [none]
[debug] [2021-04-11T02:36:54.429Z] >>> [apiv2][body] POST https://upload-firebasehosting.googleapis.com/upload/sites/pensu-promental/versions/544e641a4c0ef637/files/36d585da4b3a109975dd1cfe9208879e01e209e90558ca35496400c9e68ff638 [stream]
[debug] [2021-04-11T02:36:54.430Z] >>> [apiv2][query] POST https://upload-firebasehosting.googleapis.com/upload/sites/pensu-promental/versions/544e641a4c0ef637/files/d376dbd46e37f42f0384ef986550421a3f0ae870e3e113860519c0ffabda9d82 [none]
[debug] [2021-04-11T02:36:54.431Z] >>> [apiv2][body] POST https://upload-firebasehosting.googleapis.com/upload/sites/pensu-promental/versions/544e641a4c0ef637/files/d376dbd46e37f42f0384ef986550421a3f0ae870e3e113860519c0ffabda9d82 [stream]
[debug] [2021-04-11T02:36:54.432Z] [hosting][populate queue][FINAL] {"max":1361,"min":1361,"avg":1361,"active":0,"complete":1,"success":1,"errored":0,"retried":0,"total":1,"elapsed":1398}
[debug] [2021-04-11T02:36:54.432Z] [hosting] uploads queued: 18
